build/app/intermediates/manifest_merge_blame_file/debug/manifest-merger-blame-debug-report.txt
1<?xml version="1.0" encoding="utf-8"?>
2<manifest xmlns:android="http://schemas.android.com/apk/res/android"
3    package="com.spocate.app"
4    android:versionCode="1"
5    android:versionName="1.0.7" >
6
7    <uses-sdk
8        android:minSdkVersion="24"
9        android:targetSdkVersion="30" />
10    <!--
11         Flutter needs it to communicate with the running application
12         to allow setting breakpoints, to provide hot reload, etc.
13    -->
14    <uses-permission android:name="android.permission.INTERNET" />
14-->src\main\AndroidManifest.xml:4:5-67
14-->src\main\AndroidManifest.xml:4:22-64
15    <uses-permission android:name="android.permission.ACCESS_FINE_LOCATION" />
15-->src\main\AndroidManifest.xml:5:5-79
15-->src\main\AndroidManifest.xml:5:22-76
16    <uses-permission android:name="android.permission.ACCESS_COARSE_LOCATION" />
16-->src\main\AndroidManifest.xml:6:5-81
16-->src\main\AndroidManifest.xml:6:22-78
17    <uses-permission android:name="android.permission.ACCESS_BACKGROUND_LOCATION" />
17-->src\main\AndroidManifest.xml:7:5-85
17-->src\main\AndroidManifest.xml:7:22-82
18    <uses-permission android:name="android.permission.WAKE_LOCK" />
18-->src\main\AndroidManifest.xml:8:5-68
18-->src\main\AndroidManifest.xml:8:22-65
19    <uses-permission android:name="android.permission.FOREGROUND_SERVICE" />
19-->src\main\AndroidManifest.xml:9:5-77
19-->src\main\AndroidManifest.xml:9:22-74
20
21    <queries>
21-->src\main\AndroidManifest.xml:12:5-28:15
22
23        <!-- If your app opens https URLs -->
24        <intent>
24-->src\main\AndroidManifest.xml:14:9-17:18
25            <action android:name="android.intent.action.VIEW" />
25-->src\main\AndroidManifest.xml:15:13-65
25-->src\main\AndroidManifest.xml:15:21-62
26
27            <data android:scheme="https" />
28        </intent>
29        <!-- If your app makes calls -->
30        <intent>
30-->src\main\AndroidManifest.xml:19:9-22:18
31            <action android:name="android.intent.action.DIAL" />
31-->src\main\AndroidManifest.xml:20:13-65
31-->src\main\AndroidManifest.xml:20:21-62
32
33            <data android:scheme="tel" />
34        </intent>
35        <!-- If your app emails -->
36        <intent>
36-->src\main\AndroidManifest.xml:24:9-27:18
37            <action android:name="android.intent.action.SEND" />
37-->src\main\AndroidManifest.xml:25:13-65
37-->src\main\AndroidManifest.xml:25:21-62
38
39            <data android:mimeType="*/*" />
40        </intent>
41    </queries> <!-- Support screen - Tel and Email -->
42    <queries>
42-->src\main\AndroidManifest.xml:12:5-28:15
43        <intent>
43-->src\main\AndroidManifest.xml:19:9-22:18
44            <action android:name="android.intent.action.DIAL" />
44-->src\main\AndroidManifest.xml:20:13-65
44-->src\main\AndroidManifest.xml:20:21-62
45
46            <data android:scheme="tel" />
47        </intent>
48        <intent>
48-->src\main\AndroidManifest.xml:24:9-27:18
49            <action android:name="android.intent.action.SEND" />
49-->src\main\AndroidManifest.xml:25:13-65
49-->src\main\AndroidManifest.xml:25:21-62
50
51            <data android:mimeType="*/*" />
52        </intent>
53    </queries>
54
55    <uses-permission android:name="android.permission.ACCESS_NETWORK_STATE" /> <!-- Samsung Badge -->
55-->[:firebase_messaging] AndroidManifest.xml:9:5-79
55-->[:firebase_messaging] AndroidManifest.xml:9:22-76
56    <uses-permission android:name="com.sec.android.provider.badge.permission.READ" />
56-->[:awesome_notifications] AndroidManifest.xml:8:5-86
56-->[:awesome_notifications] AndroidManifest.xml:8:22-83
57    <uses-permission android:name="com.sec.android.provider.badge.permission.WRITE" /> <!-- Sony Badge -->
57-->[:awesome_notifications] AndroidManifest.xml:9:5-87
57-->[:awesome_notifications] AndroidManifest.xml:9:22-84
58    <uses-permission android:name="com.sonyericsson.home.permission.BROADCAST_BADGE" /> <!-- HTC Badge -->
58-->[:awesome_notifications] AndroidManifest.xml:12:5-88
58-->[:awesome_notifications] AndroidManifest.xml:12:22-85
59    <uses-permission android:name="com.htc.launcher.permission.READ_SETTINGS" />
59-->[:awesome_notifications] AndroidManifest.xml:15:5-81
59-->[:awesome_notifications] AndroidManifest.xml:15:22-78
60    <uses-permission android:name="com.htc.launcher.permission.UPDATE_SHORTCUT" />
60-->[:awesome_notifications] AndroidManifest.xml:16:5-83
60-->[:awesome_notifications] AndroidManifest.xml:16:22-80
61    <uses-permission android:name="android.permission.RECEIVE_BOOT_COMPLETED" /> <!-- Required by older versions of Google Play services to create IID tokens -->
61-->[:awesome_notifications] AndroidManifest.xml:17:5-81
61-->[:awesome_notifications] AndroidManifest.xml:17:22-78
62    <uses-permission android:name="com.google.android.c2dm.permission.RECEIVE" />
62-->[com.google.firebase:firebase-messaging:23.0.0] AndroidManifest.xml:25:5-82
62-->[com.google.firebase:firebase-messaging:23.0.0] AndroidManifest.xml:25:22-79
63    <uses-permission android:name="com.google.android.finsky.permission.BIND_GET_INSTALL_REFERRER_SERVICE" />
63-->[com.google.android.gms:play-services-measurement:20.0.2] AndroidManifest.xml:26:5-110
63-->[com.google.android.gms:play-services-measurement:20.0.2] AndroidManifest.xml:26:22-107
64
65    <uses-feature
65-->[com.google.android.gms:play-services-maps:17.0.0] AndroidManifest.xml:26:5-28:35
66        android:glEsVersion="0x00020000"
66-->[com.google.android.gms:play-services-maps:17.0.0] AndroidManifest.xml:27:9-41
67        android:required="true" /> <!-- Include required permissions for Advertising Id -->
67-->[com.google.android.gms:play-services-maps:17.0.0] AndroidManifest.xml:28:9-32
68    <uses-permission android:name="com.google.android.gms.permission.AD_ID" />
68-->[com.google.android.gms:play-services-ads-identifier:18.0.0] AndroidManifest.xml:23:5-79
68-->[com.google.android.gms:play-services-ads-identifier:18.0.0] AndroidManifest.xml:23:22-76
69    <uses-permission android:name="com.sonymobile.home.permission.PROVIDER_INSERT_BADGE" /> <!-- for apex -->
69-->[me.leolin:ShortcutBadger:1.1.22] AndroidManifest.xml:28:5-92
69-->[me.leolin:ShortcutBadger:1.1.22] AndroidManifest.xml:28:22-89
70    <uses-permission android:name="com.anddoes.launcher.permission.UPDATE_COUNT" /> <!-- for solid -->
70-->[me.leolin:ShortcutBadger:1.1.22] AndroidManifest.xml:31:5-84
70-->[me.leolin:ShortcutBadger:1.1.22] AndroidManifest.xml:31:22-81
71    <uses-permission android:name="com.majeur.launcher.permission.UPDATE_BADGE" /> <!-- for huawei -->
71-->[me.leolin:ShortcutBadger:1.1.22] AndroidManifest.xml:34:5-83
71-->[me.leolin:ShortcutBadger:1.1.22] AndroidManifest.xml:34:22-80
72    <uses-permission android:name="com.huawei.android.launcher.permission.CHANGE_BADGE" />
72-->[me.leolin:ShortcutBadger:1.1.22] AndroidManifest.xml:37:5-91
72-->[me.leolin:ShortcutBadger:1.1.22] AndroidManifest.xml:37:22-88
73    <uses-permission android:name="com.huawei.android.launcher.permission.READ_SETTINGS" />
73-->[me.leolin:ShortcutBadger:1.1.22] AndroidManifest.xml:38:5-92
73-->[me.leolin:ShortcutBadger:1.1.22] AndroidManifest.xml:38:22-89
74    <uses-permission android:name="com.huawei.android.launcher.permission.WRITE_SETTINGS" /> <!-- for ZUK -->
74-->[me.leolin:ShortcutBadger:1.1.22] AndroidManifest.xml:39:5-93
74-->[me.leolin:ShortcutBadger:1.1.22] AndroidManifest.xml:39:22-90
75    <uses-permission android:name="android.permission.READ_APP_BADGE" /> <!-- for OPPO -->
75-->[me.leolin:ShortcutBadger:1.1.22] AndroidManifest.xml:42:5-73
75-->[me.leolin:ShortcutBadger:1.1.22] AndroidManifest.xml:42:22-70
76    <uses-permission android:name="com.oppo.launcher.permission.READ_SETTINGS" />
76-->[me.leolin:ShortcutBadger:1.1.22] AndroidManifest.xml:45:5-82
76-->[me.leolin:ShortcutBadger:1.1.22] AndroidManifest.xml:45:22-79
77    <uses-permission android:name="com.oppo.launcher.permission.WRITE_SETTINGS" /> <!-- for EvMe -->
77-->[me.leolin:ShortcutBadger:1.1.22] AndroidManifest.xml:46:5-83
77-->[me.leolin:ShortcutBadger:1.1.22] AndroidManifest.xml:46:22-80
78    <uses-permission android:name="me.everything.badger.permission.BADGE_COUNT_READ" />
78-->[me.leolin:ShortcutBadger:1.1.22] AndroidManifest.xml:49:5-88
78-->[me.leolin:ShortcutBadger:1.1.22] AndroidManifest.xml:49:22-85
79    <uses-permission android:name="me.everything.badger.permission.BADGE_COUNT_WRITE" />
79-->[me.leolin:ShortcutBadger:1.1.22] AndroidManifest.xml:50:5-89
79-->[me.leolin:ShortcutBadger:1.1.22] AndroidManifest.xml:50:22-86
80
81    <application
81-->src\main\AndroidManifest.xml:31:5-125:19
82        android:name="com.spocate.app.Application"
82-->src\main\AndroidManifest.xml:32:9-36
83        android:allowBackup="false"
83-->src\main\AndroidManifest.xml:37:9-36
84        android:appComponentFactory="androidx.core.app.CoreComponentFactory"
84-->[androidx.core:core:1.3.2] AndroidManifest.xml:24:18-86
85        android:debuggable="true"
85-->src\main\AndroidManifest.xml:36:9-34
86        android:extractNativeLibs="false"
87        android:icon="@mipmap/ic_launcher"
87-->src\main\AndroidManifest.xml:33:9-43
88        android:label="Spocate"
88-->src\main\AndroidManifest.xml:34:9-32
89        android:supportsRtl="true"
89-->[com.facebook.android:facebook-login:12.1.0] AndroidManifest.xml:28:18-44
90        android:usesCleartextTraffic="true" >
90-->src\main\AndroidManifest.xml:35:9-44
91
92        <!-- need to remember and remove the debuggable when live -->
93
94
95        <!-- Showing Google Map for Android -->
96        <meta-data
96-->src\main\AndroidManifest.xml:43:9-45:71
97            android:name="com.google.android.geo.API_KEY"
97-->src\main\AndroidManifest.xml:44:13-58
98            android:value="AIzaSyBS_hNUYuRkwS6oSoRywZllQIHz0zWfhJQ" />
98-->src\main\AndroidManifest.xml:45:13-68
99
100        <activity
100-->src\main\AndroidManifest.xml:47:9-80:20
101            android:name="com.spocate.app.MainActivity"
101-->src\main\AndroidManifest.xml:48:13-56
102            android:configChanges="orientation|keyboardHidden|keyboard|screenSize|smallestScreenSize|locale|layoutDirection|fontScale|screenLayout|density|uiMode"
102-->src\main\AndroidManifest.xml:49:13-163
103            android:hardwareAccelerated="true"
103-->src\main\AndroidManifest.xml:50:13-47
104            android:launchMode="singleTop"
104-->src\main\AndroidManifest.xml:51:13-43
105            android:theme="@style/LaunchTheme"
105-->src\main\AndroidManifest.xml:52:13-47
106            android:windowSoftInputMode="adjustResize" >
106-->src\main\AndroidManifest.xml:53:13-55
107
108            <!--
109                 Specifies an Android theme to apply to this Activity as soon as
110                 the Android process has started. This theme is visible to the user
111                 while the Flutter UI initializes. After that, this theme continues
112                 to determine the Window background behind the Flutter UI.
113            -->
114            <meta-data
114-->src\main\AndroidManifest.xml:58:13-60:57
115                android:name="io.flutter.embedding.android.NormalTheme"
115-->src\main\AndroidManifest.xml:59:17-72
116                android:resource="@style/NormalTheme" />
116-->src\main\AndroidManifest.xml:60:17-54
117            <!--
118                 Displays an Android View that continues showing the launch screen
119                 Drawable until Flutter paints its first frame, then this splash
120                 screen fades out. A splash screen is useful to avoid any visual
121                 gap between the end of Android's launch screen and the painting of
122                 Flutter's first frame.
123            -->
124            <meta-data
124-->src\main\AndroidManifest.xml:66:13-68:66
125                android:name="io.flutter.embedding.android.SplashScreenDrawable"
125-->src\main\AndroidManifest.xml:67:17-81
126                android:resource="@drawable/launch_background" />
126-->src\main\AndroidManifest.xml:68:17-63
127            <meta-data
127-->src\main\AndroidManifest.xml:69:13-71:59
128                android:name="com.google.firebase.messaging.default_notification_channel_id"
128-->src\main\AndroidManifest.xml:70:17-93
129                android:value="high_importance_channel" />
129-->src\main\AndroidManifest.xml:71:17-56
130
131            <intent-filter>
131-->src\main\AndroidManifest.xml:72:13-75:29
132                <action android:name="android.intent.action.MAIN" />
132-->src\main\AndroidManifest.xml:73:17-69
132-->src\main\AndroidManifest.xml:73:25-66
133
134                <category android:name="android.intent.category.LAUNCHER" />
134-->src\main\AndroidManifest.xml:74:17-77
134-->src\main\AndroidManifest.xml:74:27-74
135            </intent-filter>
136            <intent-filter>
136-->src\main\AndroidManifest.xml:76:25-79:41
137                <action android:name="FLUTTER_NOTIFICATION_CLICK" />
137-->src\main\AndroidManifest.xml:77:29-80
137-->src\main\AndroidManifest.xml:77:37-78
138
139                <category android:name="android.intent.category.DEFAULT" />
139-->src\main\AndroidManifest.xml:78:29-87
139-->src\main\AndroidManifest.xml:78:39-85
140            </intent-filter>
141        </activity>
142
143        <meta-data
143-->src\main\AndroidManifest.xml:82:9-84:55
144            android:name="com.facebook.sdk.ApplicationId"
144-->src\main\AndroidManifest.xml:83:13-58
145            android:value="@string/facebook_app_id" />
145-->src\main\AndroidManifest.xml:84:13-52
146
147        <activity
147-->src\main\AndroidManifest.xml:86:9-89:48
148            android:name="com.facebook.FacebookActivity"
148-->src\main\AndroidManifest.xml:87:13-57
149            android:configChanges="keyboard|keyboardHidden|screenLayout|screenSize|orientation"
149-->src\main\AndroidManifest.xml:88:13-96
150            android:label="@string/app_name"
150-->src\main\AndroidManifest.xml:89:13-45
151            android:theme="@style/com_facebook_activity_theme" />
151-->[com.facebook.android:facebook-common:12.1.0] AndroidManifest.xml:33:13-63
152        <activity
152-->src\main\AndroidManifest.xml:90:9-101:20
153            android:name="com.facebook.CustomTabActivity"
153-->src\main\AndroidManifest.xml:91:13-58
154            android:exported="true" >
154-->src\main\AndroidManifest.xml:92:13-36
155            <intent-filter>
155-->src\main\AndroidManifest.xml:93:13-100:29
156                <action android:name="android.intent.action.VIEW" />
156-->src\main\AndroidManifest.xml:15:13-65
156-->src\main\AndroidManifest.xml:15:21-62
157
158                <category android:name="android.intent.category.DEFAULT" />
158-->src\main\AndroidManifest.xml:78:29-87
158-->src\main\AndroidManifest.xml:78:39-85
159                <category android:name="android.intent.category.BROWSABLE" />
159-->src\main\AndroidManifest.xml:97:17-78
159-->src\main\AndroidManifest.xml:97:27-75
160
161                <data android:scheme="@string/fb_login_protocol_scheme" />
162            </intent-filter>
163            <intent-filter>
163-->[com.facebook.android:facebook-common:12.1.0] AndroidManifest.xml:39:13-48:29
164                <action android:name="android.intent.action.VIEW" />
164-->src\main\AndroidManifest.xml:15:13-65
164-->src\main\AndroidManifest.xml:15:21-62
165
166                <category android:name="android.intent.category.DEFAULT" />
166-->src\main\AndroidManifest.xml:78:29-87
166-->src\main\AndroidManifest.xml:78:39-85
167                <category android:name="android.intent.category.BROWSABLE" />
167-->src\main\AndroidManifest.xml:97:17-78
167-->src\main\AndroidManifest.xml:97:27-75
168
169                <data
170                    android:host="cct.com.spocate.app"
171                    android:scheme="fbconnect" />
172            </intent-filter>
173        </activity>
174
175        <service
175-->src\main\AndroidManifest.xml:103:9-108:15
176            android:name="rekab.app.background_locator.IsolateHolderService"
176-->src\main\AndroidManifest.xml:104:13-77
177            android:exported="true"
177-->src\main\AndroidManifest.xml:106:13-36
178            android:foregroundServiceType="location"
178-->src\main\AndroidManifest.xml:107:13-55
179            android:permission="android.permission.FOREGROUND_SERVICE" />
179-->src\main\AndroidManifest.xml:105:13-71
180
181        <!--
182             Don't delete the meta-data below.
183             This is used by the Flutter tool to generate GeneratedPluginRegistrant.java
184        -->
185        <meta-data
185-->src\main\AndroidManifest.xml:112:9-114:33
186            android:name="flutterEmbedding"
186-->src\main\AndroidManifest.xml:113:13-44
187            android:value="2" />
187-->src\main\AndroidManifest.xml:114:13-30
188
189        <activity
189-->src\main\AndroidManifest.xml:115:9-123:20
190            android:name="com.braintreepayments.api.BraintreeBrowserSwitchActivity"
190-->src\main\AndroidManifest.xml:115:19-90
191            android:launchMode="singleTask" >
191-->src\main\AndroidManifest.xml:116:13-44
192            <intent-filter>
192-->src\main\AndroidManifest.xml:117:13-122:29
193                <action android:name="android.intent.action.VIEW" />
193-->src\main\AndroidManifest.xml:15:13-65
193-->src\main\AndroidManifest.xml:15:21-62
194
195                <category android:name="android.intent.category.DEFAULT" />
195-->src\main\AndroidManifest.xml:78:29-87
195-->src\main\AndroidManifest.xml:78:39-85
196                <category android:name="android.intent.category.BROWSABLE" />
196-->src\main\AndroidManifest.xml:97:17-78
196-->src\main\AndroidManifest.xml:97:27-75
197
198                <data android:scheme="com.spocate.app.braintree" />
199            </intent-filter>
200        </activity>
201
202        <meta-data
202-->src\main\AndroidManifest.xml:124:9-99
203            android:name="com.google.android.gms.wallet.api.enabled"
203-->src\main\AndroidManifest.xml:124:20-76
204            android:value="true" />
204-->src\main\AndroidManifest.xml:124:77-97
205
206        <service
206-->[:firebase_messaging] AndroidManifest.xml:12:9-15:72
207            android:name="io.flutter.plugins.firebase.messaging.FlutterFirebaseMessagingBackgroundService"
207-->[:firebase_messaging] AndroidManifest.xml:13:13-107
208            android:exported="false"
208-->[:firebase_messaging] AndroidManifest.xml:14:13-37
209            android:permission="android.permission.BIND_JOB_SERVICE" />
209-->[:firebase_messaging] AndroidManifest.xml:15:13-69
210        <service
210-->[:firebase_messaging] AndroidManifest.xml:16:9-22:19
211            android:name="io.flutter.plugins.firebase.messaging.FlutterFirebaseMessagingService"
211-->[:firebase_messaging] AndroidManifest.xml:17:13-97
212            android:exported="false" >
212-->[:firebase_messaging] AndroidManifest.xml:18:13-37
213            <intent-filter>
213-->[:firebase_messaging] AndroidManifest.xml:19:13-21:29
214                <action android:name="com.google.firebase.MESSAGING_EVENT" />
214-->[:firebase_messaging] AndroidManifest.xml:20:17-78
214-->[:firebase_messaging] AndroidManifest.xml:20:25-75
215            </intent-filter>
216        </service>
217
218        <receiver
218-->[:firebase_messaging] AndroidManifest.xml:24:9-31:20
219            android:name="io.flutter.plugins.firebase.messaging.FlutterFirebaseMessagingReceiver"
219-->[:firebase_messaging] AndroidManifest.xml:25:13-98
220            android:exported="true"
220-->[:firebase_messaging] AndroidManifest.xml:26:13-36
221            android:permission="com.google.android.c2dm.permission.SEND" >
221-->[:firebase_messaging] AndroidManifest.xml:27:13-73
222            <intent-filter>
222-->[:firebase_messaging] AndroidManifest.xml:28:13-30:29
223                <action android:name="com.google.android.c2dm.intent.RECEIVE" />
223-->[:firebase_messaging] AndroidManifest.xml:29:17-81
223-->[:firebase_messaging] AndroidManifest.xml:29:25-78
224            </intent-filter>
225        </receiver>
226
227        <service
227-->[:firebase_messaging] AndroidManifest.xml:33:9-37:19
228            android:name="com.google.firebase.components.ComponentDiscoveryService"
228-->[:firebase_messaging] AndroidManifest.xml:33:18-89
229            android:directBootAware="true"
229-->[com.google.firebase:firebase-common:20.0.0] AndroidManifest.xml:35:13-43
230            android:exported="false" >
230-->[com.google.firebase:firebase-messaging:23.0.0] AndroidManifest.xml:51:13-37
231            <meta-data
231-->[:firebase_messaging] AndroidManifest.xml:34:13-36:85
232                android:name="com.google.firebase.components:io.flutter.plugins.firebase.messaging.FlutterFirebaseAppRegistrar"
232-->[:firebase_messaging] AndroidManifest.xml:35:17-128
233                android:value="com.google.firebase.components.ComponentRegistrar" />
233-->[:firebase_messaging] AndroidManifest.xml:36:17-82
234            <meta-data
234-->[:firebase_crashlytics] AndroidManifest.xml:9:13-11:85
235                android:name="com.google.firebase.components:io.flutter.plugins.firebase.crashlytics.FlutterFirebaseAppRegistrar"
235-->[:firebase_crashlytics] AndroidManifest.xml:10:17-130
236                android:value="com.google.firebase.components.ComponentRegistrar" />
236-->[:firebase_crashlytics] AndroidManifest.xml:11:17-82
237            <meta-data
237-->[:firebase_auth] AndroidManifest.xml:9:13-11:85
238                android:name="com.google.firebase.components:io.flutter.plugins.firebase.auth.FlutterFirebaseAuthRegistrar"
238-->[:firebase_auth] AndroidManifest.xml:10:17-124
239                android:value="com.google.firebase.components.ComponentRegistrar" />
239-->[:firebase_auth] AndroidManifest.xml:11:17-82
240            <meta-data
240-->[:firebase_core] AndroidManifest.xml:9:13-11:85
241                android:name="com.google.firebase.components:io.flutter.plugins.firebase.core.FlutterFirebaseCoreRegistrar"
241-->[:firebase_core] AndroidManifest.xml:10:17-124
242                android:value="com.google.firebase.components.ComponentRegistrar" />
242-->[:firebase_core] AndroidManifest.xml:11:17-82
243            <meta-data
243-->[com.google.firebase:firebase-messaging:23.0.0] AndroidManifest.xml:52:13-54:85
244                android:name="com.google.firebase.components:com.google.firebase.messaging.FirebaseMessagingRegistrar"
244-->[com.google.firebase:firebase-messaging:23.0.0] AndroidManifest.xml:53:17-119
245                android:value="com.google.firebase.components.ComponentRegistrar" />
245-->[com.google.firebase:firebase-messaging:23.0.0] AndroidManifest.xml:54:17-82
246            <meta-data
246-->[com.google.firebase:firebase-auth:21.0.1] AndroidManifest.xml:77:13-79:85
247                android:name="com.google.firebase.components:com.google.firebase.auth.FirebaseAuthRegistrar"
247-->[com.google.firebase:firebase-auth:21.0.1] AndroidManifest.xml:78:17-109
248                android:value="com.google.firebase.components.ComponentRegistrar" />
248-->[com.google.firebase:firebase-auth:21.0.1] AndroidManifest.xml:79:17-82
249            <meta-data
249-->[com.google.firebase:firebase-crashlytics:18.2.7] AndroidManifest.xml:18:13-20:85
250                android:name="com.google.firebase.components:com.google.firebase.crashlytics.CrashlyticsRegistrar"
250-->[com.google.firebase:firebase-crashlytics:18.2.7] AndroidManifest.xml:19:17-115
251                android:value="com.google.firebase.components.ComponentRegistrar" />
251-->[com.google.firebase:firebase-crashlytics:18.2.7] AndroidManifest.xml:20:17-82
252            <meta-data
252-->[com.google.firebase:firebase-datatransport:18.0.0] AndroidManifest.xml:28:13-30:85
253                android:name="com.google.firebase.components:com.google.firebase.datatransport.TransportRegistrar"
253-->[com.google.firebase:firebase-datatransport:18.0.0] AndroidManifest.xml:29:17-115
254                android:value="com.google.firebase.components.ComponentRegistrar" />
254-->[com.google.firebase:firebase-datatransport:18.0.0] AndroidManifest.xml:30:17-82
255            <meta-data
255-->[com.google.android.gms:play-services-measurement-api:20.0.2] AndroidManifest.xml:30:13-32:85
256                android:name="com.google.firebase.components:com.google.firebase.analytics.connector.internal.AnalyticsConnectorRegistrar"
256-->[com.google.android.gms:play-services-measurement-api:20.0.2] AndroidManifest.xml:31:17-139
257                android:value="com.google.firebase.components.ComponentRegistrar" />
257-->[com.google.android.gms:play-services-measurement-api:20.0.2] AndroidManifest.xml:32:17-82
258            <meta-data
258-->[com.google.firebase:firebase-installations:17.0.0] AndroidManifest.xml:18:13-20:85
259                android:name="com.google.firebase.components:com.google.firebase.installations.FirebaseInstallationsRegistrar"
259-->[com.google.firebase:firebase-installations:17.0.0] AndroidManifest.xml:19:17-127
260                android:value="com.google.firebase.components.ComponentRegistrar" />
260-->[com.google.firebase:firebase-installations:17.0.0] AndroidManifest.xml:20:17-82
261        </service>
262
263        <provider
263-->[:firebase_messaging] AndroidManifest.xml:39:9-43:38
264            android:name="io.flutter.plugins.firebase.messaging.FlutterFirebaseMessagingInitProvider"
264-->[:firebase_messaging] AndroidManifest.xml:40:13-102
265            android:authorities="com.spocate.app.flutterfirebasemessaginginitprovider"
265-->[:firebase_messaging] AndroidManifest.xml:41:13-88
266            android:exported="false"
266-->[:firebase_messaging] AndroidManifest.xml:42:13-37
267            android:initOrder="99" />
267-->[:firebase_messaging] AndroidManifest.xml:43:13-35
268
269        <activity
269-->[:flutter_braintree] AndroidManifest.xml:8:9-11:20
270            android:name="com.example.flutter_braintree.FlutterBraintreeCustom"
270-->[:flutter_braintree] AndroidManifest.xml:9:13-80
271            android:theme="@style/bt_transparent_activity" >
271-->[:flutter_braintree] AndroidManifest.xml:10:13-59
272        </activity>
273        <!--
274        <service
275            android:name=".services.firebase.FCMService"
276            android:exported="false">
277            <intent-filter>
278                <action android:name="com.google.firebase.MESSAGING_EVENT"/>
279            </intent-filter>
280        </service>
281
282        <service
283            android:name=".services.AutoCancelService"
284            android:stopWithTask="true" />
285
286        <meta-data android:name="firebase_messaging_auto_init_enabled" android:value="true" />
287
288        <meta-data
289            android:name="com.google.firebase.messaging.default_notification_channel_id"
290            android:value="me.carda.awesome_notifications.firebase.background_channel"/>
291        -->
292        <receiver android:name="me.carda.awesome_notifications.notifications.broadcastReceivers.DismissedNotificationReceiver" />
292-->[:awesome_notifications] AndroidManifest.xml:41:9-130
292-->[:awesome_notifications] AndroidManifest.xml:41:19-127
293        <receiver android:name="me.carda.awesome_notifications.notifications.broadcastReceivers.ScheduledNotificationReceiver" />
293-->[:awesome_notifications] AndroidManifest.xml:42:9-130
293-->[:awesome_notifications] AndroidManifest.xml:42:19-127
294        <receiver android:name="me.carda.awesome_notifications.notifications.broadcastReceivers.KeepOnTopActionReceiver" />
294-->[:awesome_notifications] AndroidManifest.xml:43:9-124
294-->[:awesome_notifications] AndroidManifest.xml:43:19-121
295        <receiver
295-->[:awesome_notifications] AndroidManifest.xml:44:9-56:20
296            android:name="me.carda.awesome_notifications.notifications.broadcastReceivers.RefreshNotificationBootReceiver"
296-->[:awesome_notifications] AndroidManifest.xml:45:13-123
297            android:exported="false" >
297-->[:awesome_notifications] AndroidManifest.xml:46:13-37
298            <intent-filter>
298-->[:awesome_notifications] AndroidManifest.xml:47:13-55:29
299                <category android:name="android.intent.category.DEFAULT" />
299-->src\main\AndroidManifest.xml:78:29-87
299-->src\main\AndroidManifest.xml:78:39-85
300
301                <action android:name="android.intent.action.BOOT_COMPLETED" />
301-->[:awesome_notifications] AndroidManifest.xml:50:17-79
301-->[:awesome_notifications] AndroidManifest.xml:50:25-76
302                <action android:name="android.intent.action.LOCKED_BOOT_COMPLETED" />
302-->[:awesome_notifications] AndroidManifest.xml:51:17-86
302-->[:awesome_notifications] AndroidManifest.xml:51:25-83
303                <action android:name="android.intent.action.MY_PACKAGE_REPLACED" />
303-->[:awesome_notifications] AndroidManifest.xml:52:17-84
303-->[:awesome_notifications] AndroidManifest.xml:52:25-81
304                <action android:name="android.intent.action.QUICKBOOT_POWERON" />
304-->[:awesome_notifications] AndroidManifest.xml:53:17-82
304-->[:awesome_notifications] AndroidManifest.xml:53:25-79
305                <action android:name="com.htc.intent.action.QUICKBOOT_POWERON" />
305-->[:awesome_notifications] AndroidManifest.xml:54:17-82
305-->[:awesome_notifications] AndroidManifest.xml:54:25-79
306            </intent-filter>
307        </receiver>
308        <receiver
308-->[:awesome_notifications] AndroidManifest.xml:57:9-63:20
309            android:name="androidx.media.session.MediaButtonReceiver"
309-->[:awesome_notifications] AndroidManifest.xml:58:13-70
310            android:exported="false" >
310-->[:awesome_notifications] AndroidManifest.xml:59:13-37
311            <intent-filter>
311-->[:awesome_notifications] AndroidManifest.xml:60:13-62:29
312                <action android:name="android.intent.action.MEDIA_BUTTON" />
312-->[:awesome_notifications] AndroidManifest.xml:61:17-77
312-->[:awesome_notifications] AndroidManifest.xml:61:25-74
313            </intent-filter>